<?xml version="1.0" encoding="UTF-8"?>
<testsuite name="com.personalchat.app.MessagePersistenceTest" tests="2" skipped="0" failures="0" errors="0" timestamp="2026-07-15T10:13:09" hostname="NANDYY" time="0.005">
  <properties/>
  <testcase name="testMessageStatus_transitions" classname="com.personalchat.app.MessagePersistenceTest" time="0.003"/>
  <testcase name="testMessageModel_initialization" classname="com.personalchat.app.MessagePersistenceTest" time="0.0"/>
  <system-out><![CDATA[]]></system-out>
  <system-err><![CDATA[]]></system-err>
</testsuite>
