<?xml version="1.0" encoding="UTF-8"?>
<testsuite name="com.personalchat.app.UserRepositoryTest" tests="6" skipped="0" failures="0" errors="0" timestamp="2026-07-15T10:13:09" hostname="NANDYY" time="0.001">
  <properties/>
  <testcase name="testNormalizePhoneNumber_null" classname="com.personalchat.app.UserRepositoryTest" time="0.0"/>
  <testcase name="testNormalizePhoneNumber_empty" classname="com.personalchat.app.UserRepositoryTest" time="0.0"/>
  <testcase name="testSha256_hashing" classname="com.personalchat.app.UserRepositoryTest" time="0.0"/>
  <testcase name="testNormalizePhoneNumber_raw10Digits" classname="com.personalchat.app.UserRepositoryTest" time="0.0"/>
  <testcase name="testNormalizePhoneNumber_internationalUK" classname="com.personalchat.app.UserRepositoryTest" time="0.0"/>
  <testcase name="testNormalizePhoneNumber_formattedUS" classname="com.personalchat.app.UserRepositoryTest" time="0.0"/>
  <system-out><![CDATA[]]></system-out>
  <system-err><![CDATA[]]></system-err>
</testsuite>
